{
  error: TypeError: Cannot read properties of undefined (reading 'createClient')
      at Object.<anonymous> (C:\Users\philo\OneDrive\Masaüstü\Monad\backend\src\middleware\rateLimiter.ts:7:27)
      at Module._compile (node:internal/modules/cjs/loader:1730:14)
      at Module.m._compile (C:\Users\philo\OneDrive\Masaüstü\Monad\backend\node_modules\ts-node\src\index.ts:1618:23)
      at node:internal/modules/cjs/loader:1895:10
      at Object.require.extensions.<computed> [as .ts] (C:\Users\philo\OneDrive\Masaüstü\Monad\backend\node_modules\ts-node\src\index.ts:1621:12)
      at Module.load (node:internal/modules/cjs/loader:1465:32)
      at Function._load (node:internal/modules/cjs/loader:1282:12)
      at TracingChannel.traceSync (node:diagnostics_channel:322:14)
      at wrapModuleLoad (node:internal/modules/cjs/loader:235:24)
      at Module.require (node:internal/modules/cjs/loader:1487:12),
  level: 'error',
  message: "uncaughtException: Cannot read properties of undefined (reading 'createClient')\n" +
    "TypeError: Cannot read properties of undefined (reading 'createClient')\n" +
    '    at Object.<anonymous> (C:\\Users\\philo\\OneDrive\\Masaüstü\\Monad\\backend\\src\\middleware\\rateLimiter.ts:7:27)\n' +
    '    at Module._compile (node:internal/modules/cjs/loader:1730:14)\n' +
    '    at Module.m._compile (C:\\Users\\philo\\OneDrive\\Masaüstü\\Monad\\backend\\node_modules\\ts-node\\src\\index.ts:1618:23)\n' +
    '    at node:internal/modules/cjs/loader:1895:10\n' +
    '    at Object.require.extensions.<computed> [as .ts] (C:\\Users\\philo\\OneDrive\\Masaüstü\\Monad\\backend\\node_modules\\ts-node\\src\\index.ts:1621:12)\n' +
    '    at Module.load (node:internal/modules/cjs/loader:1465:32)\n' +
    '    at Function._load (node:internal/modules/cjs/loader:1282:12)\n' +
    '    at TracingChannel.traceSync (node:diagnostics_channel:322:14)\n' +
    '    at wrapModuleLoad (node:internal/modules/cjs/loader:235:24)\n' +
    '    at Module.require (node:internal/modules/cjs/loader:1487:12)',
  stack: "TypeError: Cannot read properties of undefined (reading 'createClient')\n" +
    '    at Object.<anonymous> (C:\\Users\\philo\\OneDrive\\Masaüstü\\Monad\\backend\\src\\middleware\\rateLimiter.ts:7:27)\n' +
    '    at Module._compile (node:internal/modules/cjs/loader:1730:14)\n' +
    '    at Module.m._compile (C:\\Users\\philo\\OneDrive\\Masaüstü\\Monad\\backend\\node_modules\\ts-node\\src\\index.ts:1618:23)\n' +
    '    at node:internal/modules/cjs/loader:1895:10\n' +
    '    at Object.require.extensions.<computed> [as .ts] (C:\\Users\\philo\\OneDrive\\Masaüstü\\Monad\\backend\\node_modules\\ts-node\\src\\index.ts:1621:12)\n' +
    '    at Module.load (node:internal/modules/cjs/loader:1465:32)\n' +
    '    at Function._load (node:internal/modules/cjs/loader:1282:12)\n' +
    '    at TracingChannel.traceSync (node:diagnostics_channel:322:14)\n' +
    '    at wrapModuleLoad (node:internal/modules/cjs/loader:235:24)\n' +
    '    at Module.require (node:internal/modules/cjs/loader:1487:12)',
  exception: true,
  date: 'Wed Jun 11 2025 18:44:38 GMT+0300 (GMT+03:00)',
  process: {
    pid: 15596,
    uid: null,
    gid: null,
    cwd: 'C:\\Users\\philo\\OneDrive\\Masaüstü\\Monad\\backend',
    execPath: 'C:\\Program Files\\nodejs\\node.exe',
    version: 'v22.16.0',
    argv: [
      'C:\\Users\\philo\\OneDrive\\Masaüstü\\Monad\\backend\\node_modules\\ts-node\\dist\\bin.js',
      'C:\\Users\\philo\\OneDrive\\Masaüstü\\Monad\\backend\\src\\index.ts'
    ],
    memoryUsage: {
      rss: 256634880,
      heapTotal: 206573568,
      heapUsed: 183521232,
      external: 5503262,
      arrayBuffers: 2452741
    }
  },
  os: { loadavg: [ 0, 0, 0 ], uptime: 17223.859 },
  trace: [
    {
      column: 27,
      file: 'C:\\Users\\philo\\OneDrive\\Masaüstü\\Monad\\backend\\src\\middleware\\rateLimiter.ts',
      function: null,
      line: 7,
      method: null,
      native: false
    },
    {
      column: 14,
      file: 'node:internal/modules/cjs/loader',
      function: 'Module._compile',
      line: 1730,
      method: '_compile',
      native: false
    },
    {
      column: 23,
      file: 'C:\\Users\\philo\\OneDrive\\Masaüstü\\Monad\\backend\\node_modules\\ts-node\\src\\index.ts',
      function: 'Module.m._compile',
      line: 1618,
      method: '_compile',
      native: false
    },
    {
      column: 10,
      file: 'node:internal/modules/cjs/loader',
      function: null,
      line: 1895,
      method: null,
      native: false
    },
    {
      column: 12,
      file: 'C:\\Users\\philo\\OneDrive\\Masaüstü\\Monad\\backend\\node_modules\\ts-node\\src\\index.ts',
      function: 'Object.require.extensions.<computed> [as .ts]',
      line: 1621,
      method: 'ts]',
      native: false
    },
    {
      column: 32,
      file: 'node:internal/modules/cjs/loader',
      function: 'Module.load',
      line: 1465,
      method: 'load',
      native: false
    },
    {
      column: 12,
      file: 'node:internal/modules/cjs/loader',
      function: 'Function._load',
      line: 1282,
      method: '_load',
      native: false
    },
    {
      column: 14,
      file: 'node:diagnostics_channel',
      function: 'TracingChannel.traceSync',
      line: 322,
      method: 'traceSync',
      native: false
    },
    {
      column: 24,
      file: 'node:internal/modules/cjs/loader',
      function: 'wrapModuleLoad',
      line: 235,
      method: null,
      native: false
    },
    {
      column: 12,
      file: 'node:internal/modules/cjs/loader',
      function: 'Module.require',
      line: 1487,
      method: 'require',
      native: false
    }
  ],
  timestamp: '2025-06-11 18:44:38'
}
{
  error: TypeError: Cannot read properties of undefined (reading 'createClient')
      at Object.<anonymous> (C:\Users\philo\OneDrive\Masaüstü\Monad\backend\src\middleware\rateLimiter.ts:7:27)
      at Module._compile (node:internal/modules/cjs/loader:1730:14)
      at Module.m._compile (C:\Users\philo\OneDrive\Masaüstü\Monad\backend\node_modules\ts-node\src\index.ts:1618:23)
      at node:internal/modules/cjs/loader:1895:10
      at Object.require.extensions.<computed> [as .ts] (C:\Users\philo\OneDrive\Masaüstü\Monad\backend\node_modules\ts-node\src\index.ts:1621:12)
      at Module.load (node:internal/modules/cjs/loader:1465:32)
      at Function._load (node:internal/modules/cjs/loader:1282:12)
      at TracingChannel.traceSync (node:diagnostics_channel:322:14)
      at wrapModuleLoad (node:internal/modules/cjs/loader:235:24)
      at Module.require (node:internal/modules/cjs/loader:1487:12),
  level: 'error',
  message: "uncaughtException: Cannot read properties of undefined (reading 'createClient')\n" +
    "TypeError: Cannot read properties of undefined (reading 'createClient')\n" +
    '    at Object.<anonymous> (C:\\Users\\philo\\OneDrive\\Masaüstü\\Monad\\backend\\src\\middleware\\rateLimiter.ts:7:27)\n' +
    '    at Module._compile (node:internal/modules/cjs/loader:1730:14)\n' +
    '    at Module.m._compile (C:\\Users\\philo\\OneDrive\\Masaüstü\\Monad\\backend\\node_modules\\ts-node\\src\\index.ts:1618:23)\n' +
    '    at node:internal/modules/cjs/loader:1895:10\n' +
    '    at Object.require.extensions.<computed> [as .ts] (C:\\Users\\philo\\OneDrive\\Masaüstü\\Monad\\backend\\node_modules\\ts-node\\src\\index.ts:1621:12)\n' +
    '    at Module.load (node:internal/modules/cjs/loader:1465:32)\n' +
    '    at Function._load (node:internal/modules/cjs/loader:1282:12)\n' +
    '    at TracingChannel.traceSync (node:diagnostics_channel:322:14)\n' +
    '    at wrapModuleLoad (node:internal/modules/cjs/loader:235:24)\n' +
    '    at Module.require (node:internal/modules/cjs/loader:1487:12)',
  stack: "TypeError: Cannot read properties of undefined (reading 'createClient')\n" +
    '    at Object.<anonymous> (C:\\Users\\philo\\OneDrive\\Masaüstü\\Monad\\backend\\src\\middleware\\rateLimiter.ts:7:27)\n' +
    '    at Module._compile (node:internal/modules/cjs/loader:1730:14)\n' +
    '    at Module.m._compile (C:\\Users\\philo\\OneDrive\\Masaüstü\\Monad\\backend\\node_modules\\ts-node\\src\\index.ts:1618:23)\n' +
    '    at node:internal/modules/cjs/loader:1895:10\n' +
    '    at Object.require.extensions.<computed> [as .ts] (C:\\Users\\philo\\OneDrive\\Masaüstü\\Monad\\backend\\node_modules\\ts-node\\src\\index.ts:1621:12)\n' +
    '    at Module.load (node:internal/modules/cjs/loader:1465:32)\n' +
    '    at Function._load (node:internal/modules/cjs/loader:1282:12)\n' +
    '    at TracingChannel.traceSync (node:diagnostics_channel:322:14)\n' +
    '    at wrapModuleLoad (node:internal/modules/cjs/loader:235:24)\n' +
    '    at Module.require (node:internal/modules/cjs/loader:1487:12)',
  exception: true,
  date: 'Wed Jun 11 2025 18:46:31 GMT+0300 (GMT+03:00)',
  process: {
    pid: 17824,
    uid: null,
    gid: null,
    cwd: 'C:\\Users\\philo\\OneDrive\\Masaüstü\\Monad\\backend',
    execPath: 'C:\\Program Files\\nodejs\\node.exe',
    version: 'v22.16.0',
    argv: [
      'C:\\Users\\philo\\OneDrive\\Masaüstü\\Monad\\backend\\node_modules\\ts-node\\dist\\bin.js',
      'C:\\Users\\philo\\OneDrive\\Masaüstü\\Monad\\backend\\src\\index.ts'
    ],
    memoryUsage: {
      rss: 259735552,
      heapTotal: 206573568,
      heapUsed: 183605976,
      external: 7920302,
      arrayBuffers: 4869781
    }
  },
  os: { loadavg: [ 0, 0, 0 ], uptime: 17336.89 },
  trace: [
    {
      column: 27,
      file: 'C:\\Users\\philo\\OneDrive\\Masaüstü\\Monad\\backend\\src\\middleware\\rateLimiter.ts',
      function: null,
      line: 7,
      method: null,
      native: false
    },
    {
      column: 14,
      file: 'node:internal/modules/cjs/loader',
      function: 'Module._compile',
      line: 1730,
      method: '_compile',
      native: false
    },
    {
      column: 23,
      file: 'C:\\Users\\philo\\OneDrive\\Masaüstü\\Monad\\backend\\node_modules\\ts-node\\src\\index.ts',
      function: 'Module.m._compile',
      line: 1618,
      method: '_compile',
      native: false
    },
    {
      column: 10,
      file: 'node:internal/modules/cjs/loader',
      function: null,
      line: 1895,
      method: null,
      native: false
    },
    {
      column: 12,
      file: 'C:\\Users\\philo\\OneDrive\\Masaüstü\\Monad\\backend\\node_modules\\ts-node\\src\\index.ts',
      function: 'Object.require.extensions.<computed> [as .ts]',
      line: 1621,
      method: 'ts]',
      native: false
    },
    {
      column: 32,
      file: 'node:internal/modules/cjs/loader',
      function: 'Module.load',
      line: 1465,
      method: 'load',
      native: false
    },
    {
      column: 12,
      file: 'node:internal/modules/cjs/loader',
      function: 'Function._load',
      line: 1282,
      method: '_load',
      native: false
    },
    {
      column: 14,
      file: 'node:diagnostics_channel',
      function: 'TracingChannel.traceSync',
      line: 322,
      method: 'traceSync',
      native: false
    },
    {
      column: 24,
      file: 'node:internal/modules/cjs/loader',
      function: 'wrapModuleLoad',
      line: 235,
      method: null,
      native: false
    },
    {
      column: 12,
      file: 'node:internal/modules/cjs/loader',
      function: 'Module.require',
      line: 1487,
      method: 'require',
      native: false
    }
  ],
  timestamp: '2025-06-11 18:46:31'
}
{
  error: TypeError: Cannot read properties of undefined (reading 'createClient')
      at Object.<anonymous> (C:\Users\philo\OneDrive\Masaüstü\Monad\backend\src\middleware\rateLimiter.ts:7:27)
      at Module._compile (node:internal/modules/cjs/loader:1730:14)
      at Module.m._compile (C:\Users\philo\OneDrive\Masaüstü\Monad\backend\node_modules\ts-node\src\index.ts:1618:23)
      at node:internal/modules/cjs/loader:1895:10
      at Object.require.extensions.<computed> [as .ts] (C:\Users\philo\OneDrive\Masaüstü\Monad\backend\node_modules\ts-node\src\index.ts:1621:12)
      at Module.load (node:internal/modules/cjs/loader:1465:32)
      at Function._load (node:internal/modules/cjs/loader:1282:12)
      at TracingChannel.traceSync (node:diagnostics_channel:322:14)
      at wrapModuleLoad (node:internal/modules/cjs/loader:235:24)
      at Module.require (node:internal/modules/cjs/loader:1487:12),
  level: 'error',
  message: "uncaughtException: Cannot read properties of undefined (reading 'createClient')\n" +
    "TypeError: Cannot read properties of undefined (reading 'createClient')\n" +
    '    at Object.<anonymous> (C:\\Users\\philo\\OneDrive\\Masaüstü\\Monad\\backend\\src\\middleware\\rateLimiter.ts:7:27)\n' +
    '    at Module._compile (node:internal/modules/cjs/loader:1730:14)\n' +
    '    at Module.m._compile (C:\\Users\\philo\\OneDrive\\Masaüstü\\Monad\\backend\\node_modules\\ts-node\\src\\index.ts:1618:23)\n' +
    '    at node:internal/modules/cjs/loader:1895:10\n' +
    '    at Object.require.extensions.<computed> [as .ts] (C:\\Users\\philo\\OneDrive\\Masaüstü\\Monad\\backend\\node_modules\\ts-node\\src\\index.ts:1621:12)\n' +
    '    at Module.load (node:internal/modules/cjs/loader:1465:32)\n' +
    '    at Function._load (node:internal/modules/cjs/loader:1282:12)\n' +
    '    at TracingChannel.traceSync (node:diagnostics_channel:322:14)\n' +
    '    at wrapModuleLoad (node:internal/modules/cjs/loader:235:24)\n' +
    '    at Module.require (node:internal/modules/cjs/loader:1487:12)',
  stack: "TypeError: Cannot read properties of undefined (reading 'createClient')\n" +
    '    at Object.<anonymous> (C:\\Users\\philo\\OneDrive\\Masaüstü\\Monad\\backend\\src\\middleware\\rateLimiter.ts:7:27)\n' +
    '    at Module._compile (node:internal/modules/cjs/loader:1730:14)\n' +
    '    at Module.m._compile (C:\\Users\\philo\\OneDrive\\Masaüstü\\Monad\\backend\\node_modules\\ts-node\\src\\index.ts:1618:23)\n' +
    '    at node:internal/modules/cjs/loader:1895:10\n' +
    '    at Object.require.extensions.<computed> [as .ts] (C:\\Users\\philo\\OneDrive\\Masaüstü\\Monad\\backend\\node_modules\\ts-node\\src\\index.ts:1621:12)\n' +
    '    at Module.load (node:internal/modules/cjs/loader:1465:32)\n' +
    '    at Function._load (node:internal/modules/cjs/loader:1282:12)\n' +
    '    at TracingChannel.traceSync (node:diagnostics_channel:322:14)\n' +
    '    at wrapModuleLoad (node:internal/modules/cjs/loader:235:24)\n' +
    '    at Module.require (node:internal/modules/cjs/loader:1487:12)',
  exception: true,
  date: 'Wed Jun 11 2025 18:49:30 GMT+0300 (GMT+03:00)',
  process: {
    pid: 29932,
    uid: null,
    gid: null,
    cwd: 'C:\\Users\\philo\\OneDrive\\Masaüstü\\Monad\\backend',
    execPath: 'C:\\Program Files\\nodejs\\node.exe',
    version: 'v22.16.0',
    argv: [
      'C:\\Users\\philo\\OneDrive\\Masaüstü\\Monad\\backend\\node_modules\\ts-node\\dist\\bin.js',
      'C:\\Users\\philo\\OneDrive\\Masaüstü\\Monad\\backend\\src\\index.ts'
    ],
    memoryUsage: {
      rss: 252215296,
      heapTotal: 207884288,
      heapUsed: 184370528,
      external: 7920454,
      arrayBuffers: 4869933
    }
  },
  os: { loadavg: [ 0, 0, 0 ], uptime: 17515.859 },
  trace: [
    {
      column: 27,
      file: 'C:\\Users\\philo\\OneDrive\\Masaüstü\\Monad\\backend\\src\\middleware\\rateLimiter.ts',
      function: null,
      line: 7,
      method: null,
      native: false
    },
    {
      column: 14,
      file: 'node:internal/modules/cjs/loader',
      function: 'Module._compile',
      line: 1730,
      method: '_compile',
      native: false
    },
    {
      column: 23,
      file: 'C:\\Users\\philo\\OneDrive\\Masaüstü\\Monad\\backend\\node_modules\\ts-node\\src\\index.ts',
      function: 'Module.m._compile',
      line: 1618,
      method: '_compile',
      native: false
    },
    {
      column: 10,
      file: 'node:internal/modules/cjs/loader',
      function: null,
      line: 1895,
      method: null,
      native: false
    },
    {
      column: 12,
      file: 'C:\\Users\\philo\\OneDrive\\Masaüstü\\Monad\\backend\\node_modules\\ts-node\\src\\index.ts',
      function: 'Object.require.extensions.<computed> [as .ts]',
      line: 1621,
      method: 'ts]',
      native: false
    },
    {
      column: 32,
      file: 'node:internal/modules/cjs/loader',
      function: 'Module.load',
      line: 1465,
      method: 'load',
      native: false
    },
    {
      column: 12,
      file: 'node:internal/modules/cjs/loader',
      function: 'Function._load',
      line: 1282,
      method: '_load',
      native: false
    },
    {
      column: 14,
      file: 'node:diagnostics_channel',
      function: 'TracingChannel.traceSync',
      line: 322,
      method: 'traceSync',
      native: false
    },
    {
      column: 24,
      file: 'node:internal/modules/cjs/loader',
      function: 'wrapModuleLoad',
      line: 235,
      method: null,
      native: false
    },
    {
      column: 12,
      file: 'node:internal/modules/cjs/loader',
      function: 'Module.require',
      line: 1487,
      method: 'require',
      native: false
    }
  ],
  timestamp: '2025-06-11 18:49:30'
}
{
  error: TypeError: Cannot read properties of undefined (reading 'createClient')
      at Object.<anonymous> (C:\Users\philo\OneDrive\Masaüstü\Monad\backend\src\middleware\rateLimiter.ts:7:27)
      at Module._compile (node:internal/modules/cjs/loader:1730:14)
      at Module.m._compile (C:\Users\philo\OneDrive\Masaüstü\Monad\backend\node_modules\ts-node\src\index.ts:1618:23)
      at node:internal/modules/cjs/loader:1895:10
      at Object.require.extensions.<computed> [as .ts] (C:\Users\philo\OneDrive\Masaüstü\Monad\backend\node_modules\ts-node\src\index.ts:1621:12)
      at Module.load (node:internal/modules/cjs/loader:1465:32)
      at Function._load (node:internal/modules/cjs/loader:1282:12)
      at TracingChannel.traceSync (node:diagnostics_channel:322:14)
      at wrapModuleLoad (node:internal/modules/cjs/loader:235:24)
      at Module.require (node:internal/modules/cjs/loader:1487:12),
  level: 'error',
  message: "uncaughtException: Cannot read properties of undefined (reading 'createClient')\n" +
    "TypeError: Cannot read properties of undefined (reading 'createClient')\n" +
    '    at Object.<anonymous> (C:\\Users\\philo\\OneDrive\\Masaüstü\\Monad\\backend\\src\\middleware\\rateLimiter.ts:7:27)\n' +
    '    at Module._compile (node:internal/modules/cjs/loader:1730:14)\n' +
    '    at Module.m._compile (C:\\Users\\philo\\OneDrive\\Masaüstü\\Monad\\backend\\node_modules\\ts-node\\src\\index.ts:1618:23)\n' +
    '    at node:internal/modules/cjs/loader:1895:10\n' +
    '    at Object.require.extensions.<computed> [as .ts] (C:\\Users\\philo\\OneDrive\\Masaüstü\\Monad\\backend\\node_modules\\ts-node\\src\\index.ts:1621:12)\n' +
    '    at Module.load (node:internal/modules/cjs/loader:1465:32)\n' +
    '    at Function._load (node:internal/modules/cjs/loader:1282:12)\n' +
    '    at TracingChannel.traceSync (node:diagnostics_channel:322:14)\n' +
    '    at wrapModuleLoad (node:internal/modules/cjs/loader:235:24)\n' +
    '    at Module.require (node:internal/modules/cjs/loader:1487:12)',
  stack: "TypeError: Cannot read properties of undefined (reading 'createClient')\n" +
    '    at Object.<anonymous> (C:\\Users\\philo\\OneDrive\\Masaüstü\\Monad\\backend\\src\\middleware\\rateLimiter.ts:7:27)\n' +
    '    at Module._compile (node:internal/modules/cjs/loader:1730:14)\n' +
    '    at Module.m._compile (C:\\Users\\philo\\OneDrive\\Masaüstü\\Monad\\backend\\node_modules\\ts-node\\src\\index.ts:1618:23)\n' +
    '    at node:internal/modules/cjs/loader:1895:10\n' +
    '    at Object.require.extensions.<computed> [as .ts] (C:\\Users\\philo\\OneDrive\\Masaüstü\\Monad\\backend\\node_modules\\ts-node\\src\\index.ts:1621:12)\n' +
    '    at Module.load (node:internal/modules/cjs/loader:1465:32)\n' +
    '    at Function._load (node:internal/modules/cjs/loader:1282:12)\n' +
    '    at TracingChannel.traceSync (node:diagnostics_channel:322:14)\n' +
    '    at wrapModuleLoad (node:internal/modules/cjs/loader:235:24)\n' +
    '    at Module.require (node:internal/modules/cjs/loader:1487:12)',
  exception: true,
  date: 'Wed Jun 11 2025 18:52:35 GMT+0300 (GMT+03:00)',
  process: {
    pid: 33612,
    uid: null,
    gid: null,
    cwd: 'C:\\Users\\philo\\OneDrive\\Masaüstü\\Monad\\backend',
    execPath: 'C:\\Program Files\\nodejs\\node.exe',
    version: 'v22.16.0',
    argv: [
      'C:\\Users\\philo\\OneDrive\\Masaüstü\\Monad\\backend\\node_modules\\ts-node\\dist\\bin.js',
      'C:\\Users\\philo\\OneDrive\\Masaüstü\\Monad\\backend\\src\\index.ts'
    ],
    memoryUsage: {
      rss: 253210624,
      heapTotal: 207360000,
      heapUsed: 183284552,
      external: 7920438,
      arrayBuffers: 4869917
    }
  },
  os: { loadavg: [ 0, 0, 0 ], uptime: 17701 },
  trace: [
    {
      column: 27,
      file: 'C:\\Users\\philo\\OneDrive\\Masaüstü\\Monad\\backend\\src\\middleware\\rateLimiter.ts',
      function: null,
      line: 7,
      method: null,
      native: false
    },
    {
      column: 14,
      file: 'node:internal/modules/cjs/loader',
      function: 'Module._compile',
      line: 1730,
      method: '_compile',
      native: false
    },
    {
      column: 23,
      file: 'C:\\Users\\philo\\OneDrive\\Masaüstü\\Monad\\backend\\node_modules\\ts-node\\src\\index.ts',
      function: 'Module.m._compile',
      line: 1618,
      method: '_compile',
      native: false
    },
    {
      column: 10,
      file: 'node:internal/modules/cjs/loader',
      function: null,
      line: 1895,
      method: null,
      native: false
    },
    {
      column: 12,
      file: 'C:\\Users\\philo\\OneDrive\\Masaüstü\\Monad\\backend\\node_modules\\ts-node\\src\\index.ts',
      function: 'Object.require.extensions.<computed> [as .ts]',
      line: 1621,
      method: 'ts]',
      native: false
    },
    {
      column: 32,
      file: 'node:internal/modules/cjs/loader',
      function: 'Module.load',
      line: 1465,
      method: 'load',
      native: false
    },
    {
      column: 12,
      file: 'node:internal/modules/cjs/loader',
      function: 'Function._load',
      line: 1282,
      method: '_load',
      native: false
    },
    {
      column: 14,
      file: 'node:diagnostics_channel',
      function: 'TracingChannel.traceSync',
      line: 322,
      method: 'traceSync',
      native: false
    },
    {
      column: 24,
      file: 'node:internal/modules/cjs/loader',
      function: 'wrapModuleLoad',
      line: 235,
      method: null,
      native: false
    },
    {
      column: 12,
      file: 'node:internal/modules/cjs/loader',
      function: 'Module.require',
      line: 1487,
      method: 'require',
      native: false
    }
  ],
  timestamp: '2025-06-11 18:52:35'
}
{
  error: TypeError: Cannot read properties of undefined (reading 'createClient')
      at Object.<anonymous> (C:\Users\philo\OneDrive\Masaüstü\Monad\backend\src\middleware\rateLimiter.ts:7:27)
      at Module._compile (node:internal/modules/cjs/loader:1730:14)
      at Module.m._compile (C:\Users\philo\OneDrive\Masaüstü\Monad\backend\node_modules\ts-node\src\index.ts:1618:23)
      at node:internal/modules/cjs/loader:1895:10
      at Object.require.extensions.<computed> [as .ts] (C:\Users\philo\OneDrive\Masaüstü\Monad\backend\node_modules\ts-node\src\index.ts:1621:12)
      at Module.load (node:internal/modules/cjs/loader:1465:32)
      at Function._load (node:internal/modules/cjs/loader:1282:12)
      at TracingChannel.traceSync (node:diagnostics_channel:322:14)
      at wrapModuleLoad (node:internal/modules/cjs/loader:235:24)
      at Module.require (node:internal/modules/cjs/loader:1487:12),
  level: 'error',
  message: "uncaughtException: Cannot read properties of undefined (reading 'createClient')\n" +
    "TypeError: Cannot read properties of undefined (reading 'createClient')\n" +
    '    at Object.<anonymous> (C:\\Users\\philo\\OneDrive\\Masaüstü\\Monad\\backend\\src\\middleware\\rateLimiter.ts:7:27)\n' +
    '    at Module._compile (node:internal/modules/cjs/loader:1730:14)\n' +
    '    at Module.m._compile (C:\\Users\\philo\\OneDrive\\Masaüstü\\Monad\\backend\\node_modules\\ts-node\\src\\index.ts:1618:23)\n' +
    '    at node:internal/modules/cjs/loader:1895:10\n' +
    '    at Object.require.extensions.<computed> [as .ts] (C:\\Users\\philo\\OneDrive\\Masaüstü\\Monad\\backend\\node_modules\\ts-node\\src\\index.ts:1621:12)\n' +
    '    at Module.load (node:internal/modules/cjs/loader:1465:32)\n' +
    '    at Function._load (node:internal/modules/cjs/loader:1282:12)\n' +
    '    at TracingChannel.traceSync (node:diagnostics_channel:322:14)\n' +
    '    at wrapModuleLoad (node:internal/modules/cjs/loader:235:24)\n' +
    '    at Module.require (node:internal/modules/cjs/loader:1487:12)',
  stack: "TypeError: Cannot read properties of undefined (reading 'createClient')\n" +
    '    at Object.<anonymous> (C:\\Users\\philo\\OneDrive\\Masaüstü\\Monad\\backend\\src\\middleware\\rateLimiter.ts:7:27)\n' +
    '    at Module._compile (node:internal/modules/cjs/loader:1730:14)\n' +
    '    at Module.m._compile (C:\\Users\\philo\\OneDrive\\Masaüstü\\Monad\\backend\\node_modules\\ts-node\\src\\index.ts:1618:23)\n' +
    '    at node:internal/modules/cjs/loader:1895:10\n' +
    '    at Object.require.extensions.<computed> [as .ts] (C:\\Users\\philo\\OneDrive\\Masaüstü\\Monad\\backend\\node_modules\\ts-node\\src\\index.ts:1621:12)\n' +
    '    at Module.load (node:internal/modules/cjs/loader:1465:32)\n' +
    '    at Function._load (node:internal/modules/cjs/loader:1282:12)\n' +
    '    at TracingChannel.traceSync (node:diagnostics_channel:322:14)\n' +
    '    at wrapModuleLoad (node:internal/modules/cjs/loader:235:24)\n' +
    '    at Module.require (node:internal/modules/cjs/loader:1487:12)',
  exception: true,
  date: 'Wed Jun 11 2025 18:54:35 GMT+0300 (GMT+03:00)',
  process: {
    pid: 27636,
    uid: null,
    gid: null,
    cwd: 'C:\\Users\\philo\\OneDrive\\Masaüstü\\Monad\\backend',
    execPath: 'C:\\Program Files\\nodejs\\node.exe',
    version: 'v22.16.0',
    argv: [
      'C:\\Users\\philo\\OneDrive\\Masaüstü\\Monad\\backend\\node_modules\\ts-node\\dist\\bin.js',
      'C:\\Users\\philo\\OneDrive\\Masaüstü\\Monad\\backend\\src\\index.ts'
    ],
    memoryUsage: {
      rss: 252850176,
      heapTotal: 207884288,
      heapUsed: 183781320,
      external: 7920454,
      arrayBuffers: 4869933
    }
  },
  os: { loadavg: [ 0, 0, 0 ], uptime: 17821 },
  trace: [
    {
      column: 27,
      file: 'C:\\Users\\philo\\OneDrive\\Masaüstü\\Monad\\backend\\src\\middleware\\rateLimiter.ts',
      function: null,
      line: 7,
      method: null,
      native: false
    },
    {
      column: 14,
      file: 'node:internal/modules/cjs/loader',
      function: 'Module._compile',
      line: 1730,
      method: '_compile',
      native: false
    },
    {
      column: 23,
      file: 'C:\\Users\\philo\\OneDrive\\Masaüstü\\Monad\\backend\\node_modules\\ts-node\\src\\index.ts',
      function: 'Module.m._compile',
      line: 1618,
      method: '_compile',
      native: false
    },
    {
      column: 10,
      file: 'node:internal/modules/cjs/loader',
      function: null,
      line: 1895,
      method: null,
      native: false
    },
    {
      column: 12,
      file: 'C:\\Users\\philo\\OneDrive\\Masaüstü\\Monad\\backend\\node_modules\\ts-node\\src\\index.ts',
      function: 'Object.require.extensions.<computed> [as .ts]',
      line: 1621,
      method: 'ts]',
      native: false
    },
    {
      column: 32,
      file: 'node:internal/modules/cjs/loader',
      function: 'Module.load',
      line: 1465,
      method: 'load',
      native: false
    },
    {
      column: 12,
      file: 'node:internal/modules/cjs/loader',
      function: 'Function._load',
      line: 1282,
      method: '_load',
      native: false
    },
    {
      column: 14,
      file: 'node:diagnostics_channel',
      function: 'TracingChannel.traceSync',
      line: 322,
      method: 'traceSync',
      native: false
    },
    {
      column: 24,
      file: 'node:internal/modules/cjs/loader',
      function: 'wrapModuleLoad',
      line: 235,
      method: null,
      native: false
    },
    {
      column: 12,
      file: 'node:internal/modules/cjs/loader',
      function: 'Module.require',
      line: 1487,
      method: 'require',
      native: false
    }
  ],
  timestamp: '2025-06-11 18:54:35'
}
{
  error: TypeError: Cannot read properties of undefined (reading 'createClient')
      at Object.<anonymous> (C:\Users\philo\OneDrive\Masaüstü\Monad\backend\dist\middleware\rateLimiter.js:11:37)
      at Module._compile (node:internal/modules/cjs/loader:1730:14)
      at Object..js (node:internal/modules/cjs/loader:1895:10)
      at Module.load (node:internal/modules/cjs/loader:1465:32)
      at Function._load (node:internal/modules/cjs/loader:1282:12)
      at TracingChannel.traceSync (node:diagnostics_channel:322:14)
      at wrapModuleLoad (node:internal/modules/cjs/loader:235:24)
      at Module.require (node:internal/modules/cjs/loader:1487:12)
      at require (node:internal/modules/helpers:135:16)
      at Object.<anonymous> (C:\Users\philo\OneDrive\Masaüstü\Monad\backend\dist\routes\auth.js:11:23),
  level: 'error',
  message: "uncaughtException: Cannot read properties of undefined (reading 'createClient')\n" +
    "TypeError: Cannot read properties of undefined (reading 'createClient')\n" +
    '    at Object.<anonymous> (C:\\Users\\philo\\OneDrive\\Masaüstü\\Monad\\backend\\dist\\middleware\\rateLimiter.js:11:37)\n' +
    '    at Module._compile (node:internal/modules/cjs/loader:1730:14)\n' +
    '    at Object..js (node:internal/modules/cjs/loader:1895:10)\n' +
    '    at Module.load (node:internal/modules/cjs/loader:1465:32)\n' +
    '    at Function._load (node:internal/modules/cjs/loader:1282:12)\n' +
    '    at TracingChannel.traceSync (node:diagnostics_channel:322:14)\n' +
    '    at wrapModuleLoad (node:internal/modules/cjs/loader:235:24)\n' +
    '    at Module.require (node:internal/modules/cjs/loader:1487:12)\n' +
    '    at require (node:internal/modules/helpers:135:16)\n' +
    '    at Object.<anonymous> (C:\\Users\\philo\\OneDrive\\Masaüstü\\Monad\\backend\\dist\\routes\\auth.js:11:23)',
  stack: "TypeError: Cannot read properties of undefined (reading 'createClient')\n" +
    '    at Object.<anonymous> (C:\\Users\\philo\\OneDrive\\Masaüstü\\Monad\\backend\\dist\\middleware\\rateLimiter.js:11:37)\n' +
    '    at Module._compile (node:internal/modules/cjs/loader:1730:14)\n' +
    '    at Object..js (node:internal/modules/cjs/loader:1895:10)\n' +
    '    at Module.load (node:internal/modules/cjs/loader:1465:32)\n' +
    '    at Function._load (node:internal/modules/cjs/loader:1282:12)\n' +
    '    at TracingChannel.traceSync (node:diagnostics_channel:322:14)\n' +
    '    at wrapModuleLoad (node:internal/modules/cjs/loader:235:24)\n' +
    '    at Module.require (node:internal/modules/cjs/loader:1487:12)\n' +
    '    at require (node:internal/modules/helpers:135:16)\n' +
    '    at Object.<anonymous> (C:\\Users\\philo\\OneDrive\\Masaüstü\\Monad\\backend\\dist\\routes\\auth.js:11:23)',
  exception: true,
  date: 'Wed Jun 11 2025 20:28:53 GMT+0300 (GMT+03:00)',
  process: {
    pid: 24016,
    uid: null,
    gid: null,
    cwd: 'C:\\Users\\philo\\OneDrive\\Masaüstü\\Monad\\backend',
    execPath: 'C:\\Program Files\\nodejs\\node.exe',
    version: 'v22.16.0',
    argv: [
      'C:\\Program Files\\nodejs\\node.exe',
      'C:\\Users\\philo\\OneDrive\\Masaüstü\\Monad\\backend\\dist\\index.js'
    ],
    memoryUsage: {
      rss: 87580672,
      heapTotal: 54587392,
      heapUsed: 21157584,
      external: 2194085,
      arrayBuffers: 19339
    }
  },
  os: { loadavg: [ 0, 0, 0 ], uptime: 23479.546 },
  trace: [
    {
      column: 37,
      file: 'C:\\Users\\philo\\OneDrive\\Masaüstü\\Monad\\backend\\dist\\middleware\\rateLimiter.js',
      function: null,
      line: 11,
      method: null,
      native: false
    },
    {
      column: 14,
      file: 'node:internal/modules/cjs/loader',
      function: 'Module._compile',
      line: 1730,
      method: '_compile',
      native: false
    },
    {
      column: 10,
      file: 'node:internal/modules/cjs/loader',
      function: 'Object..js',
      line: 1895,
      method: '.js',
      native: false
    },
    {
      column: 32,
      file: 'node:internal/modules/cjs/loader',
      function: 'Module.load',
      line: 1465,
      method: 'load',
      native: false
    },
    {
      column: 12,
      file: 'node:internal/modules/cjs/loader',
      function: 'Function._load',
      line: 1282,
      method: '_load',
      native: false
    },
    {
      column: 14,
      file: 'node:diagnostics_channel',
      function: 'TracingChannel.traceSync',
      line: 322,
      method: 'traceSync',
      native: false
    },
    {
      column: 24,
      file: 'node:internal/modules/cjs/loader',
      function: 'wrapModuleLoad',
      line: 235,
      method: null,
      native: false
    },
    {
      column: 12,
      file: 'node:internal/modules/cjs/loader',
      function: 'Module.require',
      line: 1487,
      method: 'require',
      native: false
    },
    {
      column: 16,
      file: 'node:internal/modules/helpers',
      function: 'require',
      line: 135,
      method: null,
      native: false
    },
    {
      column: 23,
      file: 'C:\\Users\\philo\\OneDrive\\Masaüstü\\Monad\\backend\\dist\\routes\\auth.js',
      function: null,
      line: 11,
      method: null,
      native: false
    }
  ],
  timestamp: '2025-06-11 20:28:53'
}
{
  error: TypeError: Cannot read properties of undefined (reading 'createClient')
      at Object.<anonymous> (C:\Users\philo\OneDrive\Masaüstü\Monad\backend\dist\middleware\rateLimiter.js:11:37)
      at Module._compile (node:internal/modules/cjs/loader:1730:14)
      at Object..js (node:internal/modules/cjs/loader:1895:10)
      at Module.load (node:internal/modules/cjs/loader:1465:32)
      at Function._load (node:internal/modules/cjs/loader:1282:12)
      at TracingChannel.traceSync (node:diagnostics_channel:322:14)
      at wrapModuleLoad (node:internal/modules/cjs/loader:235:24)
      at Module.require (node:internal/modules/cjs/loader:1487:12)
      at require (node:internal/modules/helpers:135:16)
      at Object.<anonymous> (C:\Users\philo\OneDrive\Masaüstü\Monad\backend\dist\routes\auth.js:11:23),
  level: 'error',
  message: "uncaughtException: Cannot read properties of undefined (reading 'createClient')\n" +
    "TypeError: Cannot read properties of undefined (reading 'createClient')\n" +
    '    at Object.<anonymous> (C:\\Users\\philo\\OneDrive\\Masaüstü\\Monad\\backend\\dist\\middleware\\rateLimiter.js:11:37)\n' +
    '    at Module._compile (node:internal/modules/cjs/loader:1730:14)\n' +
    '    at Object..js (node:internal/modules/cjs/loader:1895:10)\n' +
    '    at Module.load (node:internal/modules/cjs/loader:1465:32)\n' +
    '    at Function._load (node:internal/modules/cjs/loader:1282:12)\n' +
    '    at TracingChannel.traceSync (node:diagnostics_channel:322:14)\n' +
    '    at wrapModuleLoad (node:internal/modules/cjs/loader:235:24)\n' +
    '    at Module.require (node:internal/modules/cjs/loader:1487:12)\n' +
    '    at require (node:internal/modules/helpers:135:16)\n' +
    '    at Object.<anonymous> (C:\\Users\\philo\\OneDrive\\Masaüstü\\Monad\\backend\\dist\\routes\\auth.js:11:23)',
  stack: "TypeError: Cannot read properties of undefined (reading 'createClient')\n" +
    '    at Object.<anonymous> (C:\\Users\\philo\\OneDrive\\Masaüstü\\Monad\\backend\\dist\\middleware\\rateLimiter.js:11:37)\n' +
    '    at Module._compile (node:internal/modules/cjs/loader:1730:14)\n' +
    '    at Object..js (node:internal/modules/cjs/loader:1895:10)\n' +
    '    at Module.load (node:internal/modules/cjs/loader:1465:32)\n' +
    '    at Function._load (node:internal/modules/cjs/loader:1282:12)\n' +
    '    at TracingChannel.traceSync (node:diagnostics_channel:322:14)\n' +
    '    at wrapModuleLoad (node:internal/modules/cjs/loader:235:24)\n' +
    '    at Module.require (node:internal/modules/cjs/loader:1487:12)\n' +
    '    at require (node:internal/modules/helpers:135:16)\n' +
    '    at Object.<anonymous> (C:\\Users\\philo\\OneDrive\\Masaüstü\\Monad\\backend\\dist\\routes\\auth.js:11:23)',
  exception: true,
  date: 'Wed Jun 11 2025 20:46:02 GMT+0300 (GMT+03:00)',
  process: {
    pid: 32504,
    uid: null,
    gid: null,
    cwd: 'C:\\Users\\philo\\OneDrive\\Masaüstü\\Monad\\backend',
    execPath: 'C:\\Program Files\\nodejs\\node.exe',
    version: 'v22.16.0',
    argv: [
      'C:\\Program Files\\nodejs\\node.exe',
      'C:\\Users\\philo\\OneDrive\\Masaüstü\\Monad\\backend\\dist\\index.js'
    ],
    memoryUsage: {
      rss: 75776000,
      heapTotal: 39383040,
      heapUsed: 28504296,
      external: 3434262,
      arrayBuffers: 68396
    }
  },
  os: { loadavg: [ 0, 0, 0 ], uptime: 24507.859 },
  trace: [
    {
      column: 37,
      file: 'C:\\Users\\philo\\OneDrive\\Masaüstü\\Monad\\backend\\dist\\middleware\\rateLimiter.js',
      function: null,
      line: 11,
      method: null,
      native: false
    },
    {
      column: 14,
      file: 'node:internal/modules/cjs/loader',
      function: 'Module._compile',
      line: 1730,
      method: '_compile',
      native: false
    },
    {
      column: 10,
      file: 'node:internal/modules/cjs/loader',
      function: 'Object..js',
      line: 1895,
      method: '.js',
      native: false
    },
    {
      column: 32,
      file: 'node:internal/modules/cjs/loader',
      function: 'Module.load',
      line: 1465,
      method: 'load',
      native: false
    },
    {
      column: 12,
      file: 'node:internal/modules/cjs/loader',
      function: 'Function._load',
      line: 1282,
      method: '_load',
      native: false
    },
    {
      column: 14,
      file: 'node:diagnostics_channel',
      function: 'TracingChannel.traceSync',
      line: 322,
      method: 'traceSync',
      native: false
    },
    {
      column: 24,
      file: 'node:internal/modules/cjs/loader',
      function: 'wrapModuleLoad',
      line: 235,
      method: null,
      native: false
    },
    {
      column: 12,
      file: 'node:internal/modules/cjs/loader',
      function: 'Module.require',
      line: 1487,
      method: 'require',
      native: false
    },
    {
      column: 16,
      file: 'node:internal/modules/helpers',
      function: 'require',
      line: 135,
      method: null,
      native: false
    },
    {
      column: 23,
      file: 'C:\\Users\\philo\\OneDrive\\Masaüstü\\Monad\\backend\\dist\\routes\\auth.js',
      function: null,
      line: 11,
      method: null,
      native: false
    }
  ],
  timestamp: '2025-06-11 20:46:02'
}
{
  error: TypeError: Cannot read properties of undefined (reading 'createClient')
      at Object.<anonymous> (C:\Users\philo\OneDrive\Masaüstü\Monad\backend\dist\middleware\rateLimiter.js:11:37)
      at Module._compile (node:internal/modules/cjs/loader:1730:14)
      at Object..js (node:internal/modules/cjs/loader:1895:10)
      at Module.load (node:internal/modules/cjs/loader:1465:32)
      at Function._load (node:internal/modules/cjs/loader:1282:12)
      at TracingChannel.traceSync (node:diagnostics_channel:322:14)
      at wrapModuleLoad (node:internal/modules/cjs/loader:235:24)
      at Module.require (node:internal/modules/cjs/loader:1487:12)
      at require (node:internal/modules/helpers:135:16)
      at Object.<anonymous> (C:\Users\philo\OneDrive\Masaüstü\Monad\backend\dist\routes\auth.js:11:23),
  level: 'error',
  message: "uncaughtException: Cannot read properties of undefined (reading 'createClient')\n" +
    "TypeError: Cannot read properties of undefined (reading 'createClient')\n" +
    '    at Object.<anonymous> (C:\\Users\\philo\\OneDrive\\Masaüstü\\Monad\\backend\\dist\\middleware\\rateLimiter.js:11:37)\n' +
    '    at Module._compile (node:internal/modules/cjs/loader:1730:14)\n' +
    '    at Object..js (node:internal/modules/cjs/loader:1895:10)\n' +
    '    at Module.load (node:internal/modules/cjs/loader:1465:32)\n' +
    '    at Function._load (node:internal/modules/cjs/loader:1282:12)\n' +
    '    at TracingChannel.traceSync (node:diagnostics_channel:322:14)\n' +
    '    at wrapModuleLoad (node:internal/modules/cjs/loader:235:24)\n' +
    '    at Module.require (node:internal/modules/cjs/loader:1487:12)\n' +
    '    at require (node:internal/modules/helpers:135:16)\n' +
    '    at Object.<anonymous> (C:\\Users\\philo\\OneDrive\\Masaüstü\\Monad\\backend\\dist\\routes\\auth.js:11:23)',
  stack: "TypeError: Cannot read properties of undefined (reading 'createClient')\n" +
    '    at Object.<anonymous> (C:\\Users\\philo\\OneDrive\\Masaüstü\\Monad\\backend\\dist\\middleware\\rateLimiter.js:11:37)\n' +
    '    at Module._compile (node:internal/modules/cjs/loader:1730:14)\n' +
    '    at Object..js (node:internal/modules/cjs/loader:1895:10)\n' +
    '    at Module.load (node:internal/modules/cjs/loader:1465:32)\n' +
    '    at Function._load (node:internal/modules/cjs/loader:1282:12)\n' +
    '    at TracingChannel.traceSync (node:diagnostics_channel:322:14)\n' +
    '    at wrapModuleLoad (node:internal/modules/cjs/loader:235:24)\n' +
    '    at Module.require (node:internal/modules/cjs/loader:1487:12)\n' +
    '    at require (node:internal/modules/helpers:135:16)\n' +
    '    at Object.<anonymous> (C:\\Users\\philo\\OneDrive\\Masaüstü\\Monad\\backend\\dist\\routes\\auth.js:11:23)',
  exception: true,
  date: 'Wed Jun 11 2025 21:16:53 GMT+0300 (GMT+03:00)',
  process: {
    pid: 35876,
    uid: null,
    gid: null,
    cwd: 'C:\\Users\\philo\\OneDrive\\Masaüstü\\Monad\\backend',
    execPath: 'C:\\Program Files\\nodejs\\node.exe',
    version: 'v22.16.0',
    argv: [
      'C:\\Program Files\\nodejs\\node.exe',
      'C:\\Users\\philo\\OneDrive\\Masaüstü\\Monad\\backend\\dist\\index.js'
    ],
    memoryUsage: {
      rss: 76312576,
      heapTotal: 39383040,
      heapUsed: 28178608,
      external: 3434262,
      arrayBuffers: 68396
    }
  },
  os: { loadavg: [ 0, 0, 0 ], uptime: 26359.078 },
  trace: [
    {
      column: 37,
      file: 'C:\\Users\\philo\\OneDrive\\Masaüstü\\Monad\\backend\\dist\\middleware\\rateLimiter.js',
      function: null,
      line: 11,
      method: null,
      native: false
    },
    {
      column: 14,
      file: 'node:internal/modules/cjs/loader',
      function: 'Module._compile',
      line: 1730,
      method: '_compile',
      native: false
    },
    {
      column: 10,
      file: 'node:internal/modules/cjs/loader',
      function: 'Object..js',
      line: 1895,
      method: '.js',
      native: false
    },
    {
      column: 32,
      file: 'node:internal/modules/cjs/loader',
      function: 'Module.load',
      line: 1465,
      method: 'load',
      native: false
    },
    {
      column: 12,
      file: 'node:internal/modules/cjs/loader',
      function: 'Function._load',
      line: 1282,
      method: '_load',
      native: false
    },
    {
      column: 14,
      file: 'node:diagnostics_channel',
      function: 'TracingChannel.traceSync',
      line: 322,
      method: 'traceSync',
      native: false
    },
    {
      column: 24,
      file: 'node:internal/modules/cjs/loader',
      function: 'wrapModuleLoad',
      line: 235,
      method: null,
      native: false
    },
    {
      column: 12,
      file: 'node:internal/modules/cjs/loader',
      function: 'Module.require',
      line: 1487,
      method: 'require',
      native: false
    },
    {
      column: 16,
      file: 'node:internal/modules/helpers',
      function: 'require',
      line: 135,
      method: null,
      native: false
    },
    {
      column: 23,
      file: 'C:\\Users\\philo\\OneDrive\\Masaüstü\\Monad\\backend\\dist\\routes\\auth.js',
      function: null,
      line: 11,
      method: null,
      native: false
    }
  ],
  timestamp: '2025-06-11 21:16:53'
}
{
  error: TypeError: Cannot read properties of undefined (reading 'createClient')
      at Object.<anonymous> (C:\Users\philo\OneDrive\Masaüstü\Monad\backend\dist\middleware\rateLimiter.js:11:37)
      at Module._compile (node:internal/modules/cjs/loader:1730:14)
      at Object..js (node:internal/modules/cjs/loader:1895:10)
      at Module.load (node:internal/modules/cjs/loader:1465:32)
      at Function._load (node:internal/modules/cjs/loader:1282:12)
      at TracingChannel.traceSync (node:diagnostics_channel:322:14)
      at wrapModuleLoad (node:internal/modules/cjs/loader:235:24)
      at Module.require (node:internal/modules/cjs/loader:1487:12)
      at require (node:internal/modules/helpers:135:16)
      at Object.<anonymous> (C:\Users\philo\OneDrive\Masaüstü\Monad\backend\dist\routes\auth.js:11:23),
  level: 'error',
  message: "uncaughtException: Cannot read properties of undefined (reading 'createClient')\n" +
    "TypeError: Cannot read properties of undefined (reading 'createClient')\n" +
    '    at Object.<anonymous> (C:\\Users\\philo\\OneDrive\\Masaüstü\\Monad\\backend\\dist\\middleware\\rateLimiter.js:11:37)\n' +
    '    at Module._compile (node:internal/modules/cjs/loader:1730:14)\n' +
    '    at Object..js (node:internal/modules/cjs/loader:1895:10)\n' +
    '    at Module.load (node:internal/modules/cjs/loader:1465:32)\n' +
    '    at Function._load (node:internal/modules/cjs/loader:1282:12)\n' +
    '    at TracingChannel.traceSync (node:diagnostics_channel:322:14)\n' +
    '    at wrapModuleLoad (node:internal/modules/cjs/loader:235:24)\n' +
    '    at Module.require (node:internal/modules/cjs/loader:1487:12)\n' +
    '    at require (node:internal/modules/helpers:135:16)\n' +
    '    at Object.<anonymous> (C:\\Users\\philo\\OneDrive\\Masaüstü\\Monad\\backend\\dist\\routes\\auth.js:11:23)',
  stack: "TypeError: Cannot read properties of undefined (reading 'createClient')\n" +
    '    at Object.<anonymous> (C:\\Users\\philo\\OneDrive\\Masaüstü\\Monad\\backend\\dist\\middleware\\rateLimiter.js:11:37)\n' +
    '    at Module._compile (node:internal/modules/cjs/loader:1730:14)\n' +
    '    at Object..js (node:internal/modules/cjs/loader:1895:10)\n' +
    '    at Module.load (node:internal/modules/cjs/loader:1465:32)\n' +
    '    at Function._load (node:internal/modules/cjs/loader:1282:12)\n' +
    '    at TracingChannel.traceSync (node:diagnostics_channel:322:14)\n' +
    '    at wrapModuleLoad (node:internal/modules/cjs/loader:235:24)\n' +
    '    at Module.require (node:internal/modules/cjs/loader:1487:12)\n' +
    '    at require (node:internal/modules/helpers:135:16)\n' +
    '    at Object.<anonymous> (C:\\Users\\philo\\OneDrive\\Masaüstü\\Monad\\backend\\dist\\routes\\auth.js:11:23)',
  exception: true,
  date: 'Wed Jun 11 2025 21:19:31 GMT+0300 (GMT+03:00)',
  process: {
    pid: 35132,
    uid: null,
    gid: null,
    cwd: 'C:\\Users\\philo\\OneDrive\\Masaüstü\\Monad\\backend',
    execPath: 'C:\\Program Files\\nodejs\\node.exe',
    version: 'v22.16.0',
    argv: [
      'C:\\Program Files\\nodejs\\node.exe',
      'C:\\Users\\philo\\OneDrive\\Masaüstü\\Monad\\backend\\dist\\index.js'
    ],
    memoryUsage: {
      rss: 83087360,
      heapTotal: 39120896,
      heapUsed: 28292096,
      external: 3434262,
      arrayBuffers: 68396
    }
  },
  os: { loadavg: [ 0, 0, 0 ], uptime: 26517.343 },
  trace: [
    {
      column: 37,
      file: 'C:\\Users\\philo\\OneDrive\\Masaüstü\\Monad\\backend\\dist\\middleware\\rateLimiter.js',
      function: null,
      line: 11,
      method: null,
      native: false
    },
    {
      column: 14,
      file: 'node:internal/modules/cjs/loader',
      function: 'Module._compile',
      line: 1730,
      method: '_compile',
      native: false
    },
    {
      column: 10,
      file: 'node:internal/modules/cjs/loader',
      function: 'Object..js',
      line: 1895,
      method: '.js',
      native: false
    },
    {
      column: 32,
      file: 'node:internal/modules/cjs/loader',
      function: 'Module.load',
      line: 1465,
      method: 'load',
      native: false
    },
    {
      column: 12,
      file: 'node:internal/modules/cjs/loader',
      function: 'Function._load',
      line: 1282,
      method: '_load',
      native: false
    },
    {
      column: 14,
      file: 'node:diagnostics_channel',
      function: 'TracingChannel.traceSync',
      line: 322,
      method: 'traceSync',
      native: false
    },
    {
      column: 24,
      file: 'node:internal/modules/cjs/loader',
      function: 'wrapModuleLoad',
      line: 235,
      method: null,
      native: false
    },
    {
      column: 12,
      file: 'node:internal/modules/cjs/loader',
      function: 'Module.require',
      line: 1487,
      method: 'require',
      native: false
    },
    {
      column: 16,
      file: 'node:internal/modules/helpers',
      function: 'require',
      line: 135,
      method: null,
      native: false
    },
    {
      column: 23,
      file: 'C:\\Users\\philo\\OneDrive\\Masaüstü\\Monad\\backend\\dist\\routes\\auth.js',
      function: null,
      line: 11,
      method: null,
      native: false
    }
  ],
  timestamp: '2025-06-11 21:19:31'
}
{
  error: TypeError: Cannot read properties of undefined (reading 'createClient')
      at Object.<anonymous> (C:\Users\philo\OneDrive\Masaüstü\Monad\backend\dist\middleware\rateLimiter.js:11:37)
      at Module._compile (node:internal/modules/cjs/loader:1730:14)
      at Object..js (node:internal/modules/cjs/loader:1895:10)
      at Module.load (node:internal/modules/cjs/loader:1465:32)
      at Function._load (node:internal/modules/cjs/loader:1282:12)
      at TracingChannel.traceSync (node:diagnostics_channel:322:14)
      at wrapModuleLoad (node:internal/modules/cjs/loader:235:24)
      at Module.require (node:internal/modules/cjs/loader:1487:12)
      at require (node:internal/modules/helpers:135:16)
      at Object.<anonymous> (C:\Users\philo\OneDrive\Masaüstü\Monad\backend\dist\routes\auth.js:11:23),
  level: 'error',
  message: "uncaughtException: Cannot read properties of undefined (reading 'createClient')\n" +
    "TypeError: Cannot read properties of undefined (reading 'createClient')\n" +
    '    at Object.<anonymous> (C:\\Users\\philo\\OneDrive\\Masaüstü\\Monad\\backend\\dist\\middleware\\rateLimiter.js:11:37)\n' +
    '    at Module._compile (node:internal/modules/cjs/loader:1730:14)\n' +
    '    at Object..js (node:internal/modules/cjs/loader:1895:10)\n' +
    '    at Module.load (node:internal/modules/cjs/loader:1465:32)\n' +
    '    at Function._load (node:internal/modules/cjs/loader:1282:12)\n' +
    '    at TracingChannel.traceSync (node:diagnostics_channel:322:14)\n' +
    '    at wrapModuleLoad (node:internal/modules/cjs/loader:235:24)\n' +
    '    at Module.require (node:internal/modules/cjs/loader:1487:12)\n' +
    '    at require (node:internal/modules/helpers:135:16)\n' +
    '    at Object.<anonymous> (C:\\Users\\philo\\OneDrive\\Masaüstü\\Monad\\backend\\dist\\routes\\auth.js:11:23)',
  stack: "TypeError: Cannot read properties of undefined (reading 'createClient')\n" +
    '    at Object.<anonymous> (C:\\Users\\philo\\OneDrive\\Masaüstü\\Monad\\backend\\dist\\middleware\\rateLimiter.js:11:37)\n' +
    '    at Module._compile (node:internal/modules/cjs/loader:1730:14)\n' +
    '    at Object..js (node:internal/modules/cjs/loader:1895:10)\n' +
    '    at Module.load (node:internal/modules/cjs/loader:1465:32)\n' +
    '    at Function._load (node:internal/modules/cjs/loader:1282:12)\n' +
    '    at TracingChannel.traceSync (node:diagnostics_channel:322:14)\n' +
    '    at wrapModuleLoad (node:internal/modules/cjs/loader:235:24)\n' +
    '    at Module.require (node:internal/modules/cjs/loader:1487:12)\n' +
    '    at require (node:internal/modules/helpers:135:16)\n' +
    '    at Object.<anonymous> (C:\\Users\\philo\\OneDrive\\Masaüstü\\Monad\\backend\\dist\\routes\\auth.js:11:23)',
  exception: true,
  date: 'Wed Jun 11 2025 21:20:49 GMT+0300 (GMT+03:00)',
  process: {
    pid: 36876,
    uid: null,
    gid: null,
    cwd: 'C:\\Users\\philo\\OneDrive\\Masaüstü\\Monad\\backend',
    execPath: 'C:\\Program Files\\nodejs\\node.exe',
    version: 'v22.16.0',
    argv: [
      'C:\\Program Files\\nodejs\\node.exe',
      'C:\\Users\\philo\\OneDrive\\Masaüstü\\Monad\\backend\\dist\\index.js'
    ],
    memoryUsage: {
      rss: 83386368,
      heapTotal: 39383040,
      heapUsed: 28367664,
      external: 3434262,
      arrayBuffers: 68396
    }
  },
  os: { loadavg: [ 0, 0, 0 ], uptime: 26595.078 },
  trace: [
    {
      column: 37,
      file: 'C:\\Users\\philo\\OneDrive\\Masaüstü\\Monad\\backend\\dist\\middleware\\rateLimiter.js',
      function: null,
      line: 11,
      method: null,
      native: false
    },
    {
      column: 14,
      file: 'node:internal/modules/cjs/loader',
      function: 'Module._compile',
      line: 1730,
      method: '_compile',
      native: false
    },
    {
      column: 10,
      file: 'node:internal/modules/cjs/loader',
      function: 'Object..js',
      line: 1895,
      method: '.js',
      native: false
    },
    {
      column: 32,
      file: 'node:internal/modules/cjs/loader',
      function: 'Module.load',
      line: 1465,
      method: 'load',
      native: false
    },
    {
      column: 12,
      file: 'node:internal/modules/cjs/loader',
      function: 'Function._load',
      line: 1282,
      method: '_load',
      native: false
    },
    {
      column: 14,
      file: 'node:diagnostics_channel',
      function: 'TracingChannel.traceSync',
      line: 322,
      method: 'traceSync',
      native: false
    },
    {
      column: 24,
      file: 'node:internal/modules/cjs/loader',
      function: 'wrapModuleLoad',
      line: 235,
      method: null,
      native: false
    },
    {
      column: 12,
      file: 'node:internal/modules/cjs/loader',
      function: 'Module.require',
      line: 1487,
      method: 'require',
      native: false
    },
    {
      column: 16,
      file: 'node:internal/modules/helpers',
      function: 'require',
      line: 135,
      method: null,
      native: false
    },
    {
      column: 23,
      file: 'C:\\Users\\philo\\OneDrive\\Masaüstü\\Monad\\backend\\dist\\routes\\auth.js',
      function: null,
      line: 11,
      method: null,
      native: false
    }
  ],
  timestamp: '2025-06-11 21:20:49'
}
{
  error: TypeError: Cannot read properties of undefined (reading 'createClient')
      at Object.<anonymous> (C:\Users\philo\OneDrive\Masaüstü\Monad\backend\dist\middleware\rateLimiter.js:11:37)
      at Module._compile (node:internal/modules/cjs/loader:1730:14)
      at Object..js (node:internal/modules/cjs/loader:1895:10)
      at Module.load (node:internal/modules/cjs/loader:1465:32)
      at Function._load (node:internal/modules/cjs/loader:1282:12)
      at TracingChannel.traceSync (node:diagnostics_channel:322:14)
      at wrapModuleLoad (node:internal/modules/cjs/loader:235:24)
      at Module.require (node:internal/modules/cjs/loader:1487:12)
      at require (node:internal/modules/helpers:135:16)
      at Object.<anonymous> (C:\Users\philo\OneDrive\Masaüstü\Monad\backend\dist\routes\auth.js:11:23),
  level: 'error',
  message: "uncaughtException: Cannot read properties of undefined (reading 'createClient')\n" +
    "TypeError: Cannot read properties of undefined (reading 'createClient')\n" +
    '    at Object.<anonymous> (C:\\Users\\philo\\OneDrive\\Masaüstü\\Monad\\backend\\dist\\middleware\\rateLimiter.js:11:37)\n' +
    '    at Module._compile (node:internal/modules/cjs/loader:1730:14)\n' +
    '    at Object..js (node:internal/modules/cjs/loader:1895:10)\n' +
    '    at Module.load (node:internal/modules/cjs/loader:1465:32)\n' +
    '    at Function._load (node:internal/modules/cjs/loader:1282:12)\n' +
    '    at TracingChannel.traceSync (node:diagnostics_channel:322:14)\n' +
    '    at wrapModuleLoad (node:internal/modules/cjs/loader:235:24)\n' +
    '    at Module.require (node:internal/modules/cjs/loader:1487:12)\n' +
    '    at require (node:internal/modules/helpers:135:16)\n' +
    '    at Object.<anonymous> (C:\\Users\\philo\\OneDrive\\Masaüstü\\Monad\\backend\\dist\\routes\\auth.js:11:23)',
  stack: "TypeError: Cannot read properties of undefined (reading 'createClient')\n" +
    '    at Object.<anonymous> (C:\\Users\\philo\\OneDrive\\Masaüstü\\Monad\\backend\\dist\\middleware\\rateLimiter.js:11:37)\n' +
    '    at Module._compile (node:internal/modules/cjs/loader:1730:14)\n' +
    '    at Object..js (node:internal/modules/cjs/loader:1895:10)\n' +
    '    at Module.load (node:internal/modules/cjs/loader:1465:32)\n' +
    '    at Function._load (node:internal/modules/cjs/loader:1282:12)\n' +
    '    at TracingChannel.traceSync (node:diagnostics_channel:322:14)\n' +
    '    at wrapModuleLoad (node:internal/modules/cjs/loader:235:24)\n' +
    '    at Module.require (node:internal/modules/cjs/loader:1487:12)\n' +
    '    at require (node:internal/modules/helpers:135:16)\n' +
    '    at Object.<anonymous> (C:\\Users\\philo\\OneDrive\\Masaüstü\\Monad\\backend\\dist\\routes\\auth.js:11:23)',
  exception: true,
  date: 'Wed Jun 11 2025 21:22:00 GMT+0300 (GMT+03:00)',
  process: {
    pid: 38336,
    uid: null,
    gid: null,
    cwd: 'C:\\Users\\philo\\OneDrive\\Masaüstü\\Monad\\backend',
    execPath: 'C:\\Program Files\\nodejs\\node.exe',
    version: 'v22.16.0',
    argv: [
      'C:\\Program Files\\nodejs\\node.exe',
      'C:\\Users\\philo\\OneDrive\\Masaüstü\\Monad\\backend\\dist\\index.js'
    ],
    memoryUsage: {
      rss: 83177472,
      heapTotal: 39383040,
      heapUsed: 28114624,
      external: 3434262,
      arrayBuffers: 68396
    }
  },
  os: { loadavg: [ 0, 0, 0 ], uptime: 26665.812 },
  trace: [
    {
      column: 37,
      file: 'C:\\Users\\philo\\OneDrive\\Masaüstü\\Monad\\backend\\dist\\middleware\\rateLimiter.js',
      function: null,
      line: 11,
      method: null,
      native: false
    },
    {
      column: 14,
      file: 'node:internal/modules/cjs/loader',
      function: 'Module._compile',
      line: 1730,
      method: '_compile',
      native: false
    },
    {
      column: 10,
      file: 'node:internal/modules/cjs/loader',
      function: 'Object..js',
      line: 1895,
      method: '.js',
      native: false
    },
    {
      column: 32,
      file: 'node:internal/modules/cjs/loader',
      function: 'Module.load',
      line: 1465,
      method: 'load',
      native: false
    },
    {
      column: 12,
      file: 'node:internal/modules/cjs/loader',
      function: 'Function._load',
      line: 1282,
      method: '_load',
      native: false
    },
    {
      column: 14,
      file: 'node:diagnostics_channel',
      function: 'TracingChannel.traceSync',
      line: 322,
      method: 'traceSync',
      native: false
    },
    {
      column: 24,
      file: 'node:internal/modules/cjs/loader',
      function: 'wrapModuleLoad',
      line: 235,
      method: null,
      native: false
    },
    {
      column: 12,
      file: 'node:internal/modules/cjs/loader',
      function: 'Module.require',
      line: 1487,
      method: 'require',
      native: false
    },
    {
      column: 16,
      file: 'node:internal/modules/helpers',
      function: 'require',
      line: 135,
      method: null,
      native: false
    },
    {
      column: 23,
      file: 'C:\\Users\\philo\\OneDrive\\Masaüstü\\Monad\\backend\\dist\\routes\\auth.js',
      function: null,
      line: 11,
      method: null,
      native: false
    }
  ],
  timestamp: '2025-06-11 21:22:00'
}
{
  error: TypeError: Cannot read properties of undefined (reading 'createClient')
      at Object.<anonymous> (C:\Users\philo\OneDrive\Masaüstü\Monad\backend\src\middleware\rateLimiter.ts:8:27)
      at Module._compile (node:internal/modules/cjs/loader:1730:14)
      at Module.m._compile (C:\Users\philo\OneDrive\Masaüstü\Monad\backend\node_modules\ts-node\src\index.ts:1618:23)
      at node:internal/modules/cjs/loader:1895:10
      at Object.require.extensions.<computed> [as .ts] (C:\Users\philo\OneDrive\Masaüstü\Monad\backend\node_modules\ts-node\src\index.ts:1621:12)
      at Module.load (node:internal/modules/cjs/loader:1465:32)
      at Function._load (node:internal/modules/cjs/loader:1282:12)
      at TracingChannel.traceSync (node:diagnostics_channel:322:14)
      at wrapModuleLoad (node:internal/modules/cjs/loader:235:24)
      at Module.require (node:internal/modules/cjs/loader:1487:12),
  level: 'error',
  message: "uncaughtException: Cannot read properties of undefined (reading 'createClient')\n" +
    "TypeError: Cannot read properties of undefined (reading 'createClient')\n" +
    '    at Object.<anonymous> (C:\\Users\\philo\\OneDrive\\Masaüstü\\Monad\\backend\\src\\middleware\\rateLimiter.ts:8:27)\n' +
    '    at Module._compile (node:internal/modules/cjs/loader:1730:14)\n' +
    '    at Module.m._compile (C:\\Users\\philo\\OneDrive\\Masaüstü\\Monad\\backend\\node_modules\\ts-node\\src\\index.ts:1618:23)\n' +
    '    at node:internal/modules/cjs/loader:1895:10\n' +
    '    at Object.require.extensions.<computed> [as .ts] (C:\\Users\\philo\\OneDrive\\Masaüstü\\Monad\\backend\\node_modules\\ts-node\\src\\index.ts:1621:12)\n' +
    '    at Module.load (node:internal/modules/cjs/loader:1465:32)\n' +
    '    at Function._load (node:internal/modules/cjs/loader:1282:12)\n' +
    '    at TracingChannel.traceSync (node:diagnostics_channel:322:14)\n' +
    '    at wrapModuleLoad (node:internal/modules/cjs/loader:235:24)\n' +
    '    at Module.require (node:internal/modules/cjs/loader:1487:12)',
  stack: "TypeError: Cannot read properties of undefined (reading 'createClient')\n" +
    '    at Object.<anonymous> (C:\\Users\\philo\\OneDrive\\Masaüstü\\Monad\\backend\\src\\middleware\\rateLimiter.ts:8:27)\n' +
    '    at Module._compile (node:internal/modules/cjs/loader:1730:14)\n' +
    '    at Module.m._compile (C:\\Users\\philo\\OneDrive\\Masaüstü\\Monad\\backend\\node_modules\\ts-node\\src\\index.ts:1618:23)\n' +
    '    at node:internal/modules/cjs/loader:1895:10\n' +
    '    at Object.require.extensions.<computed> [as .ts] (C:\\Users\\philo\\OneDrive\\Masaüstü\\Monad\\backend\\node_modules\\ts-node\\src\\index.ts:1621:12)\n' +
    '    at Module.load (node:internal/modules/cjs/loader:1465:32)\n' +
    '    at Function._load (node:internal/modules/cjs/loader:1282:12)\n' +
    '    at TracingChannel.traceSync (node:diagnostics_channel:322:14)\n' +
    '    at wrapModuleLoad (node:internal/modules/cjs/loader:235:24)\n' +
    '    at Module.require (node:internal/modules/cjs/loader:1487:12)',
  exception: true,
  date: 'Wed Jun 11 2025 21:22:11 GMT+0300 (GMT+03:00)',
  process: {
    pid: 31456,
    uid: null,
    gid: null,
    cwd: 'C:\\Users\\philo\\OneDrive\\Masaüstü\\Monad\\backend',
    execPath: 'C:\\Program Files\\nodejs\\node.exe',
    version: 'v22.16.0',
    argv: [
      'C:\\Users\\philo\\OneDrive\\Masaüstü\\Monad\\backend\\node_modules\\ts-node\\dist\\bin.js',
      'C:\\Users\\philo\\OneDrive\\Masaüstü\\Monad\\backend\\src\\index.ts'
    ],
    memoryUsage: {
      rss: 278409216,
      heapTotal: 224546816,
      heapUsed: 197154368,
      external: 8999255,
      arrayBuffers: 4930284
    }
  },
  os: { loadavg: [ 0, 0, 0 ], uptime: 26677.343 },
  trace: [
    {
      column: 27,
      file: 'C:\\Users\\philo\\OneDrive\\Masaüstü\\Monad\\backend\\src\\middleware\\rateLimiter.ts',
      function: null,
      line: 8,
      method: null,
      native: false
    },
    {
      column: 14,
      file: 'node:internal/modules/cjs/loader',
      function: 'Module._compile',
      line: 1730,
      method: '_compile',
      native: false
    },
    {
      column: 23,
      file: 'C:\\Users\\philo\\OneDrive\\Masaüstü\\Monad\\backend\\node_modules\\ts-node\\src\\index.ts',
      function: 'Module.m._compile',
      line: 1618,
      method: '_compile',
      native: false
    },
    {
      column: 10,
      file: 'node:internal/modules/cjs/loader',
      function: null,
      line: 1895,
      method: null,
      native: false
    },
    {
      column: 12,
      file: 'C:\\Users\\philo\\OneDrive\\Masaüstü\\Monad\\backend\\node_modules\\ts-node\\src\\index.ts',
      function: 'Object.require.extensions.<computed> [as .ts]',
      line: 1621,
      method: 'ts]',
      native: false
    },
    {
      column: 32,
      file: 'node:internal/modules/cjs/loader',
      function: 'Module.load',
      line: 1465,
      method: 'load',
      native: false
    },
    {
      column: 12,
      file: 'node:internal/modules/cjs/loader',
      function: 'Function._load',
      line: 1282,
      method: '_load',
      native: false
    },
    {
      column: 14,
      file: 'node:diagnostics_channel',
      function: 'TracingChannel.traceSync',
      line: 322,
      method: 'traceSync',
      native: false
    },
    {
      column: 24,
      file: 'node:internal/modules/cjs/loader',
      function: 'wrapModuleLoad',
      line: 235,
      method: null,
      native: false
    },
    {
      column: 12,
      file: 'node:internal/modules/cjs/loader',
      function: 'Module.require',
      line: 1487,
      method: 'require',
      native: false
    }
  ],
  timestamp: '2025-06-11 21:22:11'
}
{
  error: TypeError: Cannot read properties of undefined (reading 'createClient')
      at Object.<anonymous> (C:\Users\philo\OneDrive\Masaüstü\Monad\backend\dist\middleware\rateLimiter.js:11:37)
      at Module._compile (node:internal/modules/cjs/loader:1730:14)
      at Object..js (node:internal/modules/cjs/loader:1895:10)
      at Module.load (node:internal/modules/cjs/loader:1465:32)
      at Function._load (node:internal/modules/cjs/loader:1282:12)
      at TracingChannel.traceSync (node:diagnostics_channel:322:14)
      at wrapModuleLoad (node:internal/modules/cjs/loader:235:24)
      at Module.require (node:internal/modules/cjs/loader:1487:12)
      at require (node:internal/modules/helpers:135:16)
      at Object.<anonymous> (C:\Users\philo\OneDrive\Masaüstü\Monad\backend\dist\routes\auth.js:11:23),
  level: 'error',
  message: "uncaughtException: Cannot read properties of undefined (reading 'createClient')\n" +
    "TypeError: Cannot read properties of undefined (reading 'createClient')\n" +
    '    at Object.<anonymous> (C:\\Users\\philo\\OneDrive\\Masaüstü\\Monad\\backend\\dist\\middleware\\rateLimiter.js:11:37)\n' +
    '    at Module._compile (node:internal/modules/cjs/loader:1730:14)\n' +
    '    at Object..js (node:internal/modules/cjs/loader:1895:10)\n' +
    '    at Module.load (node:internal/modules/cjs/loader:1465:32)\n' +
    '    at Function._load (node:internal/modules/cjs/loader:1282:12)\n' +
    '    at TracingChannel.traceSync (node:diagnostics_channel:322:14)\n' +
    '    at wrapModuleLoad (node:internal/modules/cjs/loader:235:24)\n' +
    '    at Module.require (node:internal/modules/cjs/loader:1487:12)\n' +
    '    at require (node:internal/modules/helpers:135:16)\n' +
    '    at Object.<anonymous> (C:\\Users\\philo\\OneDrive\\Masaüstü\\Monad\\backend\\dist\\routes\\auth.js:11:23)',
  stack: "TypeError: Cannot read properties of undefined (reading 'createClient')\n" +
    '    at Object.<anonymous> (C:\\Users\\philo\\OneDrive\\Masaüstü\\Monad\\backend\\dist\\middleware\\rateLimiter.js:11:37)\n' +
    '    at Module._compile (node:internal/modules/cjs/loader:1730:14)\n' +
    '    at Object..js (node:internal/modules/cjs/loader:1895:10)\n' +
    '    at Module.load (node:internal/modules/cjs/loader:1465:32)\n' +
    '    at Function._load (node:internal/modules/cjs/loader:1282:12)\n' +
    '    at TracingChannel.traceSync (node:diagnostics_channel:322:14)\n' +
    '    at wrapModuleLoad (node:internal/modules/cjs/loader:235:24)\n' +
    '    at Module.require (node:internal/modules/cjs/loader:1487:12)\n' +
    '    at require (node:internal/modules/helpers:135:16)\n' +
    '    at Object.<anonymous> (C:\\Users\\philo\\OneDrive\\Masaüstü\\Monad\\backend\\dist\\routes\\auth.js:11:23)',
  exception: true,
  date: 'Wed Jun 11 2025 21:40:46 GMT+0300 (GMT+03:00)',
  process: {
    pid: 22584,
    uid: null,
    gid: null,
    cwd: 'C:\\Users\\philo\\OneDrive\\Masaüstü\\Monad\\backend',
    execPath: 'C:\\Program Files\\nodejs\\node.exe',
    version: 'v22.16.0',
    argv: [
      'C:\\Program Files\\nodejs\\node.exe',
      'C:\\Users\\philo\\OneDrive\\Masaüstü\\Monad\\backend\\dist\\index.js'
    ],
    memoryUsage: {
      rss: 88477696,
      heapTotal: 39120896,
      heapUsed: 28370832,
      external: 3434262,
      arrayBuffers: 68396
    }
  },
  os: { loadavg: [ 0, 0, 0 ], uptime: 27792.171 },
  trace: [
    {
      column: 37,
      file: 'C:\\Users\\philo\\OneDrive\\Masaüstü\\Monad\\backend\\dist\\middleware\\rateLimiter.js',
      function: null,
      line: 11,
      method: null,
      native: false
    },
    {
      column: 14,
      file: 'node:internal/modules/cjs/loader',
      function: 'Module._compile',
      line: 1730,
      method: '_compile',
      native: false
    },
    {
      column: 10,
      file: 'node:internal/modules/cjs/loader',
      function: 'Object..js',
      line: 1895,
      method: '.js',
      native: false
    },
    {
      column: 32,
      file: 'node:internal/modules/cjs/loader',
      function: 'Module.load',
      line: 1465,
      method: 'load',
      native: false
    },
    {
      column: 12,
      file: 'node:internal/modules/cjs/loader',
      function: 'Function._load',
      line: 1282,
      method: '_load',
      native: false
    },
    {
      column: 14,
      file: 'node:diagnostics_channel',
      function: 'TracingChannel.traceSync',
      line: 322,
      method: 'traceSync',
      native: false
    },
    {
      column: 24,
      file: 'node:internal/modules/cjs/loader',
      function: 'wrapModuleLoad',
      line: 235,
      method: null,
      native: false
    },
    {
      column: 12,
      file: 'node:internal/modules/cjs/loader',
      function: 'Module.require',
      line: 1487,
      method: 'require',
      native: false
    },
    {
      column: 16,
      file: 'node:internal/modules/helpers',
      function: 'require',
      line: 135,
      method: null,
      native: false
    },
    {
      column: 23,
      file: 'C:\\Users\\philo\\OneDrive\\Masaüstü\\Monad\\backend\\dist\\routes\\auth.js',
      function: null,
      line: 11,
      method: null,
      native: false
    }
  ],
  timestamp: '2025-06-11 21:40:46'
}
